Sync Explicit (1): adobe-source-code-pro-fonts-2.042u+1.062i+1.026vf-2
resolving dependencies...
looking for conflicting packages...

Package (1)                        New Version              Net Change  Download Size

extra/adobe-source-code-pro-fonts  2.042u+1.062i+1.026vf-2    1.86 MiB       0.91 MiB

Total Download Size:   0.91 MiB
Total Installed Size:  1.86 MiB

:: Proceed with installation? [Y/n] 
:: Retrieving packages...
 adobe-source-code-pro-fonts-2.042u+1.062i+1.026vf-2-any downloading...
checking keyring...
checking package integrity...
loading package files...
checking for file conflicts...
checking available disk space...
:: Processing package changes...
installing adobe-source-code-pro-fonts...
:: Running post-transaction hooks...
(1/2) Arming ConditionNeedsUpdate...
(2/2) Updating fontconfig cache...
Sync Explicit (1): noto-fonts-emoji-1:2.051-1
resolving dependencies...
looking for conflicting packages...

Package (1)             New Version  Net Change  Download Size

extra/noto-fonts-emoji  1:2.051-1     10.18 MiB       9.18 MiB

Total Download Size:    9.18 MiB
Total Installed Size:  10.18 MiB

:: Proceed with installation? [Y/n] 
:: Retrieving packages...
 noto-fonts-emoji-1:2.051-1-any downloading...
checking keyring...
checking package integrity...
loading package files...
checking for file conflicts...
checking available disk space...
:: Processing package changes...
installing noto-fonts-emoji...
:: Running post-transaction hooks...
(1/2) Arming ConditionNeedsUpdate...
(2/2) Updating fontconfig cache...
Sync Explicit (1): otf-font-awesome-7.1.0-1
resolving dependencies...
looking for conflicting packages...

Package (1)             New Version  Net Change  Download Size

extra/otf-font-awesome  7.1.0-1        0.67 MiB       0.29 MiB

Total Download Size:   0.29 MiB
Total Installed Size:  0.67 MiB

:: Proceed with installation? [Y/n] 
:: Retrieving packages...
 otf-font-awesome-7.1.0-1-any downloading...
checking keyring...
checking package integrity...
loading package files...
checking for file conflicts...
checking available disk space...
:: Processing package changes...
installing otf-font-awesome...
:: Running post-transaction hooks...
(1/2) Arming ConditionNeedsUpdate...
(2/2) Updating fontconfig cache...
Sync Explicit (1): ttf-droid-20121017-11
resolving dependencies...
looking for conflicting packages...

Package (1)      New Version  Net Change  Download Size

extra/ttf-droid  20121017-11   15.31 MiB       3.93 MiB

Total Download Size:    3.93 MiB
Total Installed Size:  15.31 MiB

:: Proceed with installation? [Y/n] 
:: Retrieving packages...
 ttf-droid-20121017-11-any downloading...
checking keyring...
checking package integrity...
loading package files...
checking for file conflicts...
checking available disk space...
:: Processing package changes...
installing ttf-droid...
:: Running post-transaction hooks...
(1/3) Arming ConditionNeedsUpdate...
(2/3) Updating fontconfig configuration...
(3/3) Updating fontconfig cache...
Sync Explicit (1): ttf-fira-code-6.2-2
resolving dependencies...
looking for conflicting packages...

Package (1)          New Version  Net Change  Download Size

extra/ttf-fira-code  6.2-2          1.69 MiB       0.41 MiB

Total Download Size:   0.41 MiB
Total Installed Size:  1.69 MiB

:: Proceed with installation? [Y/n] 
:: Retrieving packages...
 ttf-fira-code-6.2-2-any downloading...
checking keyring...
checking package integrity...
loading package files...
checking for file conflicts...
checking available disk space...
:: Processing package changes...
installing ttf-fira-code...
:: Running post-transaction hooks...
(1/2) Arming ConditionNeedsUpdate...
(2/2) Updating fontconfig cache...
Sync Explicit (1): ttf-fantasque-nerd-3.4.0-1
resolving dependencies...
looking for conflicting packages...

Package (1)               New Version  Net Change  Download Size

extra/ttf-fantasque-nerd  3.4.0-1       29.01 MiB       2.68 MiB

Total Download Size:    2.68 MiB
Total Installed Size:  29.01 MiB

:: Proceed with installation? [Y/n] 
:: Retrieving packages...
 ttf-fantasque-nerd-3.4.0-1-any downloading...
checking keyring...
checking package integrity...
loading package files...
checking for file conflicts...
checking available disk space...
:: Processing package changes...
installing ttf-fantasque-nerd...
:: Running post-transaction hooks...
(1/2) Arming ConditionNeedsUpdate...
(2/2) Updating fontconfig cache...
Sync Explicit (1): ttf-jetbrains-mono-2.304-2
resolving dependencies...
looking for conflicting packages...

Package (1)               New Version  Net Change  Download Size

extra/ttf-jetbrains-mono  2.304-2        7.44 MiB       0.80 MiB

Total Download Size:   0.80 MiB
Total Installed Size:  7.44 MiB

:: Proceed with installation? [Y/n] 
:: Retrieving packages...
 ttf-jetbrains-mono-2.304-2-any downloading...
checking keyring...
checking package integrity...
loading package files...
checking for file conflicts...
checking available disk space...
:: Processing package changes...
installing ttf-jetbrains-mono...
:: Running post-transaction hooks...
(1/2) Arming ConditionNeedsUpdate...
(2/2) Updating fontconfig cache...
Sync Explicit (1): ttf-jetbrains-mono-nerd-3.4.0-1
resolving dependencies...
looking for conflicting packages...

Package (1)                    New Version  Net Change  Download Size

extra/ttf-jetbrains-mono-nerd  3.4.0-1      222.51 MiB      10.48 MiB

Total Download Size:    10.48 MiB
Total Installed Size:  222.51 MiB

:: Proceed with installation? [Y/n] 
:: Retrieving packages...
 ttf-jetbrains-mono-nerd-3.4.0-1-any downloading...
checking keyring...
checking package integrity...
loading package files...
checking for file conflicts...
checking available disk space...
:: Processing package changes...
installing ttf-jetbrains-mono-nerd...
:: Running post-transaction hooks...
(1/2) Arming ConditionNeedsUpdate...
(2/2) Updating fontconfig cache...
AUR Explicit (1): ttf-victor-mono-1.5.6-1
:: [1m(1/1) Downloaded PKGBUILD: ttf-victor-mono[0m
  1 ttf-victor-mono                          (Build Files Exist)
==> Packages to cleanBuild?
==> [N]one [A]ll [Ab]ort [I]nstalled [No]tInstalled or (1 2 3, 1-3, ^4)
==> 
  1 ttf-victor-mono                          (Build Files Exist)
==> Diffs to show?
==> [N]one [A]ll [Ab]ort [I]nstalled [No]tInstalled or (1 2 3, 1-3, ^4)
==> 
==> Making package: ttf-victor-mono 1.5.6-1 (Sat 20 Dec 2025 08:55:50 PM CET)
==> Retrieving sources...
  -> Downloading ttf-victor-mono-1.5.6.zip...
  % Total    % Received % Xferd  Average Speed   Time    Time     Time  Current
                                 Dload  Upload   Total   Spent    Left  Speed
  0     0   0     0   0     0     0     0  --:--:-- --:--:-- --:--:--     0  0     0   0     0   0     0     0     0  --:--:-- --:--:-- --:--:--     0
100 13762   0 13762   0     0 20256     0  --:--:-- --:--:-- --:--:-- 20256100  3862k   0  3862k   0     0  2529k     0  --:--:--  0:00:01 --:--:--  4539k100  8204k   0  8204k   0     0  3244k     0  --:--:--  0:00:02 --:--:--  4427k100 11848k   0 11848k   0     0  3336k     0  --:--:--  0:00:03 --:--:--  4120k100 13534k   0 13534k   0     0  2986k     0  --:--:--  0:00:04 --:--:--  3508k100 15963k   0 15963k   0     0  2888k     0  --:--:--  0:00:05 --:--:--  3290k100 19224k   0 19224k   0     0  2939k     0  --:--:--  0:00:06 --:--:--  3064k100 22694k   0 22694k   0     0  3014k     0  --:--:--  0:00:07 --:--:--  2898k100 24626k   0 24626k   0     0  3035k     0  --:--:--  0:00:08 --:--:--  2801k
==> WARNING: Skipping verification of source file PGP signatures.
==> Validating source files with sha256sums...
    ttf-victor-mono-1.5.6.zip ... Passed
:: [1m(1/1) Parsing SRCINFO: ttf-victor-mono[0m
==> Making package: ttf-victor-mono 1.5.6-1 (Sat 20 Dec 2025 08:55:59 PM CET)
==> Checking runtime dependencies...
==> Checking buildtime dependencies...
==> Retrieving sources...
  -> Found ttf-victor-mono-1.5.6.zip
==> Validating source files with sha256sums...
    ttf-victor-mono-1.5.6.zip ... Passed
==> Removing existing $srcdir/ directory...
==> Extracting sources...
  -> Extracting ttf-victor-mono-1.5.6.zip with bsdtar
==> Starting prepare()...
==> Sources are ready.
==> Making package: ttf-victor-mono 1.5.6-1 (Sat 20 Dec 2025 08:56:01 PM CET)
==> Checking runtime dependencies...
==> Checking buildtime dependencies...
==> WARNING: Using existing $srcdir/ tree
==> Entering fakeroot environment...
==> Starting package()...
==> Tidying install...
  -> Removing libtool files...
  -> Removing static library files...
  -> Purging unwanted files...
  -> Stripping unneeded symbols from binaries and libraries...
  -> Compressing man and info pages...
==> Checking for packaging issues...
==> Creating package "ttf-victor-mono"...
  -> Generating .PKGINFO file...
  -> Generating .BUILDINFO file...
  -> Generating .MTREE file...
  -> Compressing package...
==> Leaving fakeroot environment.
==> Finished making: ttf-victor-mono 1.5.6-1 (Sat 20 Dec 2025 08:56:02 PM CET)
==> Cleaning up...
loading packages...
resolving dependencies...
looking for conflicting packages...

Package (1)      New Version  Net Change

ttf-victor-mono  1.5.6-1        4.43 MiB

Total Installed Size:  4.43 MiB

:: Proceed with installation? [Y/n] 
checking keyring...
checking package integrity...
loading package files...
checking for file conflicts...
checking available disk space...
:: Processing package changes...
installing ttf-victor-mono...
:: Running post-transaction hooks...
(1/2) Arming ConditionNeedsUpdate...
(2/2) Updating fontconfig cache...
Sync Explicit (1): noto-fonts-1:2025.12.01-2
resolving dependencies...
looking for conflicting packages...

Package (1)       New Version     Net Change  Download Size

extra/noto-fonts  1:2025.12.01-2  106.72 MiB      27.84 MiB

Total Download Size:    27.84 MiB
Total Installed Size:  106.72 MiB

:: Proceed with installation? [Y/n] 
:: Retrieving packages...
 noto-fonts-1:2025.12.01-2-any downloading...
checking keyring...
checking package integrity...
loading package files...
checking for file conflicts...
checking available disk space...
:: Processing package changes...
installing noto-fonts...
Optional dependencies for noto-fonts
    noto-fonts-cjk: CJK characters
    noto-fonts-emoji: Emoji characters [installed]
    noto-fonts-extra: additional variants (condensed, semi-bold, extra-light)
:: Running post-transaction hooks...
(1/3) Arming ConditionNeedsUpdate...
(2/3) Updating fontconfig configuration...
(3/3) Updating fontconfig cache...
