Sync Explicit (1): qt6-virtualkeyboard-6.10.1-1
resolving dependencies...
:: There are 2 providers available for qt6-multimedia-backend:
:: Repository extra
   1) qt6-multimedia-ffmpeg  2) qt6-multimedia-gstreamer

Enter a number (default=1): 
looking for conflicting packages...

Package (4)                  New Version  Net Change  Download Size

extra/hunspell               1.7.2-2        1.40 MiB       0.45 MiB
extra/qt6-multimedia         6.10.1-1       6.39 MiB       1.28 MiB
extra/qt6-multimedia-ffmpeg  6.10.1-1       2.76 MiB       0.53 MiB
extra/qt6-virtualkeyboard    6.10.1-1       6.06 MiB       2.44 MiB

Total Download Size:    4.71 MiB
Total Installed Size:  16.60 MiB

:: Proceed with installation? [Y/n] 
:: Retrieving packages...
 qt6-virtualkeyboard-6.10.1-1-x86_64 downloading...
 qt6-multimedia-6.10.1-1-x86_64 downloading...
 qt6-multimedia-ffmpeg-6.10.1-1-x86_64 downloading...
 hunspell-1.7.2-2-x86_64 downloading...
checking keyring...
checking package integrity...
loading package files...
checking for file conflicts...
checking available disk space...
:: Processing package changes...
installing hunspell...
Optional dependencies for hunspell
    perl: for ispellaff2myspell [installed]
installing qt6-multimedia-ffmpeg...
installing qt6-multimedia...
Optional dependencies for qt6-multimedia
    qt6-declarative: QML bindings [installed]
    qt6-quick3d: for QtQuick3DAudio
installing qt6-virtualkeyboard...
:: Running post-transaction hooks...
(1/1) Arming ConditionNeedsUpdate...
Sync Explicit (1): qt5-quickcontrols2-5.15.18+kde+r5-1
resolving dependencies...
looking for conflicting packages...

Package (2)               New Version        Net Change  Download Size

extra/qt5-declarative     5.15.18+kde+r23-1   23.35 MiB       4.82 MiB
extra/qt5-quickcontrols2  5.15.18+kde+r5-1     8.61 MiB       1.50 MiB

Total Download Size:    6.32 MiB
Total Installed Size:  31.96 MiB

:: Proceed with installation? [Y/n] 
:: Retrieving packages...
 qt5-declarative-5.15.18+kde+r23-1-x86_64 downloading...
 qt5-quickcontrols2-5.15.18+kde+r5-1-x86_64 downloading...
checking keyring...
checking package integrity...
loading package files...
checking for file conflicts...
checking available disk space...
:: Processing package changes...
installing qt5-declarative...
installing qt5-quickcontrols2...
Optional dependencies for qt5-quickcontrols2
    qt5-graphicaleffects: for the Material style
:: Running post-transaction hooks...
(1/1) Arming ConditionNeedsUpdate...
Sync Explicit (1): sddm-0.21.0-6
resolving dependencies...
looking for conflicting packages...

Package (6)                New Version  Net Change  Download Size

extra/libxmu               1.2.1-1        0.33 MiB       0.07 MiB
extra/libxt                1.3.1-1        2.02 MiB       0.52 MiB
extra/xf86-input-libinput  1.5.0-1        0.10 MiB       0.04 MiB
extra/xorg-server          21.1.21-1      3.74 MiB       1.48 MiB
extra/xorg-xauth           1.1.4-1        0.05 MiB       0.02 MiB
extra/sddm                 0.21.0-6       5.27 MiB       3.54 MiB

Total Download Size:    5.67 MiB
Total Installed Size:  11.50 MiB

:: Proceed with installation? [Y/n] 
:: Retrieving packages...
 sddm-0.21.0-6-x86_64 downloading...
 xorg-server-21.1.21-1-x86_64 downloading...
 libxt-1.3.1-1-x86_64 downloading...
 libxmu-1.2.1-1-x86_64 downloading...
 xf86-input-libinput-1.5.0-1-x86_64 downloading...
 xorg-xauth-1.1.4-1-x86_64 downloading...
checking keyring...
checking package integrity...
loading package files...
checking for file conflicts...
checking available disk space...
:: Processing package changes...
installing xf86-input-libinput...
installing xorg-server...
>>> xorg-server has now the ability to run without root rights with
    the help of systemd-logind. xserver will fail to run if not launched
    from the same virtual terminal as was used to log in.
    Without root rights, log files will be in ~/.local/share/xorg/ directory.

    Old behavior can be restored through Xorg.wrap config file.
    See Xorg.wrap man page (man xorg.wrap).
installing libxt...
installing libxmu...
installing xorg-xauth...
installing sddm...
Optional dependencies for sddm
    qt5-declarative: for using Qt5 themes [installed]
:: Running post-transaction hooks...
(1/5) Creating system user accounts...
Creating group 'sddm' with GID 965.
Creating user 'sddm' (SDDM Greeter Account) with UID 965 and GID 965.
(2/5) Reloading system manager configuration...
(3/5) Creating temporary files...
(4/5) Arming ConditionNeedsUpdate...
(5/5) Reloading system bus configuration...
