==> Making package: yay-bin 12.5.7-1 (Sat 20 Dec 2025 08:48:15 PM CET)
==> Checking runtime dependencies...
==> Checking buildtime dependencies...
==> Retrieving sources...
  -> Downloading yay_12.5.7_x86_64.tar.gz...
  % Total    % Received % Xferd  Average Speed   Time    Time     Time  Current
                                 Dload  Upload   Total   Spent    Left  Speed
  0     0   0     0   0     0     0     0  --:--:-- --:--:-- --:--:--     0  0     0   0     0   0     0     0     0  --:--:-- --:--:-- --:--:--     0
100  4055k 100  4055k   0     0 10148k     0  --:--:-- --:--:-- --:--:-- 10148k
==> Validating source_x86_64 files with sha256sums...
    yay_12.5.7_x86_64.tar.gz ... Passed
==> Extracting sources...
  -> Extracting yay_12.5.7_x86_64.tar.gz with bsdtar
==> Entering fakeroot environment...
==> Starting package()...
==> Tidying install...
  -> Removing libtool files...
  -> Removing static library files...
  -> Purging unwanted files...
  -> Stripping unneeded symbols from binaries and libraries...
  -> Compressing man and info pages...
==> Checking for packaging issues...
==> Creating package "yay-bin"...
  -> Generating .PKGINFO file...
  -> Generating .BUILDINFO file...
  -> Generating .MTREE file...
  -> Compressing package...
==> Creating package "yay-bin-debug"...
  -> Generating .PKGINFO file...
  -> Generating .BUILDINFO file...
  -> Generating .MTREE file...
  -> Compressing package...
==> Leaving fakeroot environment.
==> Finished making: yay-bin 12.5.7-1 (Sat 20 Dec 2025 08:48:18 PM CET)
==> Installing package yay-bin with pacman -U...
loading packages...
resolving dependencies...
looking for conflicting packages...

Package (2)    New Version  Net Change

yay-bin        12.5.7-1      10.33 MiB
yay-bin-debug  12.5.7-1       0.74 MiB

Total Installed Size:  11.07 MiB

:: Proceed with installation? [Y/n] 
checking keyring...
checking package integrity...
loading package files...
checking for file conflicts...
checking available disk space...
:: Processing package changes...
installing yay-bin...
Optional dependencies for yay-bin
    sudo: privilege elevation [installed]
    doas: privilege elevation
installing yay-bin-debug...
:: Running post-transaction hooks...
(1/1) Arming ConditionNeedsUpdate...
