Sync Explicit (1): xdg-desktop-portal-hyprland-1.3.11-3
resolving dependencies...
looking for conflicting packages...

Package (4)                        New Version  Net Change  Download Size

core/libinih                       61-1           0.06 MiB       0.02 MiB
extra/rtkit                        0.14-1         0.09 MiB       0.03 MiB
extra/xdg-desktop-portal           1.20.3-2       1.77 MiB       0.42 MiB
extra/xdg-desktop-portal-hyprland  1.3.11-3       0.67 MiB       0.24 MiB

Total Download Size:   0.70 MiB
Total Installed Size:  2.59 MiB

:: Proceed with installation? [Y/n] 
:: Retrieving packages...
 xdg-desktop-portal-1.20.3-2-x86_64 downloading...
 xdg-desktop-portal-hyprland-1.3.11-3-x86_64 downloading...
 rtkit-0.14-1-x86_64 downloading...
 libinih-61-1-x86_64 downloading...
checking keyring...
checking package integrity...
loading package files...
checking for file conflicts...
checking available disk space...
:: Processing package changes...
installing libinih...
installing rtkit...
installing xdg-desktop-portal...
Optional dependencies for xdg-desktop-portal
    geoclue: Geolocation portal
    xdg-desktop-portal-impl: Portal backends [pending]
installing xdg-desktop-portal-hyprland...
Optional dependencies for xdg-desktop-portal-hyprland
    grim: required for the screenshot portal to function [installed]
    slurp: support for interactive mode for the screenshot portal [installed]
:: Running post-transaction hooks...
(1/5) Creating system user accounts...
Creating group 'rtkit' with GID 964.
Creating user 'rtkit' (RealtimeKit) with UID 964 and GID 964.
(2/5) Reloading system manager configuration...
(3/5) Reloading user manager configuration...
(4/5) Arming ConditionNeedsUpdate...
(5/5) Reloading system bus configuration...
Sync Explicit (1): xdg-desktop-portal-gtk-1.15.3-1
resolving dependencies...
looking for conflicting packages...

Package (1)                   New Version  Net Change  Download Size

extra/xdg-desktop-portal-gtk  1.15.3-1       0.42 MiB       0.10 MiB

Total Download Size:   0.10 MiB
Total Installed Size:  0.42 MiB

:: Proceed with installation? [Y/n] 
:: Retrieving packages...
 xdg-desktop-portal-gtk-1.15.3-1-x86_64 downloading...
checking keyring...
checking package integrity...
loading package files...
checking for file conflicts...
checking available disk space...
:: Processing package changes...
installing xdg-desktop-portal-gtk...
Optional dependencies for xdg-desktop-portal-gtk
    evince: Print preview
:: Running post-transaction hooks...
(1/3) Reloading user manager configuration...
(2/3) Arming ConditionNeedsUpdate...
(3/3) Updating the desktop file MIME type cache...
Sync Explicit (1): umockdev-0.19.1-1
resolving dependencies...
looking for conflicting packages...

Package (1)     New Version  Net Change  Download Size

extra/umockdev  0.19.1-1       0.63 MiB       0.14 MiB

Total Download Size:   0.14 MiB
Total Installed Size:  0.63 MiB

:: Proceed with installation? [Y/n] 
:: Retrieving packages...
 umockdev-0.19.1-1-x86_64 downloading...
checking keyring...
checking package integrity...
loading package files...
checking for file conflicts...
checking available disk space...
:: Processing package changes...
installing umockdev...
:: Running post-transaction hooks...
(1/1) Arming ConditionNeedsUpdate...
