Failed to disable unit: Unit pulseaudio.socket does not exist
Sync Explicit (1): pipewire-1:1.4.9-2
resolving dependencies...
looking for conflicting packages...

Package (1)     New Version  Net Change  Download Size

extra/pipewire  1:1.4.9-2      2.83 MiB       0.64 MiB

Total Download Size:   0.64 MiB
Total Installed Size:  2.83 MiB

:: Proceed with installation? [Y/n] 
:: Retrieving packages...
 pipewire-1:1.4.9-2-x86_64 downloading...
checking keyring...
checking package integrity...
loading package files...
checking for file conflicts...
checking available disk space...
:: Processing package changes...
installing pipewire...
Created symlink '/etc/systemd/user/sockets.target.wants/pipewire.socket' → '/usr/lib/systemd/user/pipewire.socket'.
Optional dependencies for pipewire
    gst-plugin-pipewire: GStreamer plugin
    pipewire-alsa: ALSA configuration
    pipewire-audio: Audio support
    pipewire-docs: Documentation
    pipewire-ffado: FireWire support
    pipewire-jack-client: PipeWire as JACK client
    pipewire-jack: JACK replacement
    pipewire-libcamera: Libcamera support
    pipewire-pulse: PulseAudio replacement
    pipewire-roc: ROC streaming
    pipewire-session-manager: Session manager
    pipewire-v4l2: V4L2 interceptor
    pipewire-x11-bell: X11 bell
    pipewire-zeroconf: Zeroconf support
    realtime-privileges: realtime privileges with rt module
    rtkit: realtime privileges with rtkit module
:: Running post-transaction hooks...
(1/2) Reloading user manager configuration...
(2/2) Arming ConditionNeedsUpdate...
Sync Explicit (1): wireplumber-0.5.12-1
resolving dependencies...
looking for conflicting packages...

Package (1)        New Version  Net Change  Download Size

extra/wireplumber  0.5.12-1       1.09 MiB       0.26 MiB

Total Download Size:   0.26 MiB
Total Installed Size:  1.09 MiB

:: Proceed with installation? [Y/n] 
:: Retrieving packages...
 wireplumber-0.5.12-1-x86_64 downloading...
checking keyring...
checking package integrity...
loading package files...
checking for file conflicts...
checking available disk space...
:: Processing package changes...
installing wireplumber...
Created symlink '/etc/systemd/user/pipewire-session-manager.service' → '/usr/lib/systemd/user/wireplumber.service'.
Created symlink '/etc/systemd/user/pipewire.service.wants/wireplumber.service' → '/usr/lib/systemd/user/wireplumber.service'.
Optional dependencies for wireplumber
    wireplumber-docs: Documentation
:: Running post-transaction hooks...
(1/2) Reloading user manager configuration...
(2/2) Arming ConditionNeedsUpdate...
Sync Explicit (1): pipewire-audio-1:1.4.9-2
resolving dependencies...
looking for conflicting packages...

Package (17)                     New Version   Net Change  Download Size

extra/abseil-cpp                 20250814.1-1    6.55 MiB       1.22 MiB
extra/alsa-card-profiles         1:1.4.9-2       0.19 MiB       0.03 MiB
extra/libebur128                 1.2.6-2         0.05 MiB       0.02 MiB
extra/libfdk-aac                 2.0.3-1         1.44 MiB       0.68 MiB
extra/libfreeaptx                0.2.2-1         0.06 MiB       0.02 MiB
extra/liblc3                     1.1.3-1         0.27 MiB       0.11 MiB
extra/libldac                    2.0.2.3-2       0.09 MiB       0.03 MiB
extra/libmysofa                  1.3.3-1         1.26 MiB       1.11 MiB
extra/lilv                       0.26.2-1        0.27 MiB       0.08 MiB
extra/lv2                        1.18.10-2       0.98 MiB       0.15 MiB
extra/sbc                        2.1-1           0.21 MiB       0.05 MiB
extra/serd                       0.32.6-1        0.16 MiB       0.06 MiB
extra/sord                       0.16.20-1       0.12 MiB       0.04 MiB
extra/sratom                     0.6.20-1        0.05 MiB       0.02 MiB
extra/webrtc-audio-processing-1  1.3-5           1.46 MiB       0.52 MiB
extra/zix                        0.8.0-1         0.13 MiB       0.04 MiB
extra/pipewire-audio             1:1.4.9-2       5.91 MiB       1.55 MiB

Total Download Size:    5.73 MiB
Total Installed Size:  19.17 MiB

:: Proceed with installation? [Y/n] 
:: Retrieving packages...
 pipewire-audio-1:1.4.9-2-x86_64 downloading...
 abseil-cpp-20250814.1-1-x86_64 downloading...
 libmysofa-1.3.3-1-x86_64 downloading...
 libfdk-aac-2.0.3-1-x86_64 downloading...
 webrtc-audio-processing-1-1.3-5-x86_64 downloading...
 lv2-1.18.10-2-x86_64 downloading...
 liblc3-1.1.3-1-x86_64 downloading...
 lilv-0.26.2-1-x86_64 downloading...
 serd-0.32.6-1-x86_64 downloading...
 sbc-2.1-1-x86_64 downloading...
 zix-0.8.0-1-x86_64 downloading...
 sord-0.16.20-1-x86_64 downloading...
 libldac-2.0.2.3-2-x86_64 downloading...
 alsa-card-profiles-1:1.4.9-2-x86_64 downloading...
 sratom-0.6.20-1-x86_64 downloading...
 libfreeaptx-0.2.2-1-x86_64 downloading...
 libebur128-1.2.6-2-x86_64 downloading...
checking keyring...
checking package integrity...
loading package files...
checking for file conflicts...
checking available disk space...
:: Processing package changes...
installing alsa-card-profiles...
installing libebur128...
installing libfdk-aac...
installing libfreeaptx...
installing liblc3...
Optional dependencies for liblc3
    python: Python bindings [installed]
installing libldac...
installing libmysofa...
installing serd...
Optional dependencies for serd
    serd-docs: for developer documentation
installing zix...
Optional dependencies for zix
    zix-docs: for developer documentation
installing sord...
Optional dependencies for sord
    sord-docs: for developer documentation
installing lv2...
Optional dependencies for lv2
    lv2-docs: for developer documentation
    lv2-example-plugins: for example plugins
    python-lxml: for lv2specgen.py [installed]
    python-markdown: for lv2specgen.py [installed]
    python-pygments: for lv2specgen.py
    python-rdflib: for lv2specgen.py
    sord: for lv2_validate [installed]
installing sratom...
Optional dependencies for sratom
    sratom-docs: for developer documentation
installing lilv...
Optional dependencies for lilv
    libsndfile: for lv2apply [installed]
    lilv-docs: for documentation
    python-lilv: for Python bindings
installing sbc...
installing abseil-cpp...
installing webrtc-audio-processing-1...
installing pipewire-audio...
:: Running post-transaction hooks...
(1/3) Reloading user manager configuration...
(2/3) Reloading device manager configuration...
(3/3) Arming ConditionNeedsUpdate...
Sync Explicit (1): pipewire-alsa-1:1.4.9-2
resolving dependencies...
looking for conflicting packages...

Package (1)          New Version  Net Change  Download Size

extra/pipewire-alsa  1:1.4.9-2      0.00 MiB       0.00 MiB

Total Download Size:   0.00 MiB
Total Installed Size:  0.00 MiB

:: Proceed with installation? [Y/n] 
:: Retrieving packages...
 pipewire-alsa-1:1.4.9-2-x86_64 downloading...
checking keyring...
checking package integrity...
loading package files...
checking for file conflicts...
checking available disk space...
:: Processing package changes...
installing pipewire-alsa...
:: Running post-transaction hooks...
(1/1) Arming ConditionNeedsUpdate...
Sync Explicit (1): pipewire-pulse-1:1.4.9-2
resolving dependencies...
looking for conflicting packages...

Package (1)           New Version  Net Change  Download Size

extra/pipewire-pulse  1:1.4.9-2      0.50 MiB       0.20 MiB

Total Download Size:   0.20 MiB
Total Installed Size:  0.50 MiB

:: Proceed with installation? [Y/n] 
:: Retrieving packages...
 pipewire-pulse-1:1.4.9-2-x86_64 downloading...
checking keyring...
checking package integrity...
loading package files...
checking for file conflicts...
checking available disk space...
:: Processing package changes...
installing pipewire-pulse...
Created symlink '/etc/systemd/user/sockets.target.wants/pipewire-pulse.socket' → '/usr/lib/systemd/user/pipewire-pulse.socket'.
:: Running post-transaction hooks...
(1/3) Reloading user manager configuration...
(2/3) Arming ConditionNeedsUpdate...
(3/3) Compiling GSettings XML schema files...
Created symlink '/home/mentefria/.config/systemd/user/sockets.target.wants/pipewire.socket' → '/usr/lib/systemd/user/pipewire.socket'.
Created symlink '/home/mentefria/.config/systemd/user/sockets.target.wants/pipewire-pulse.socket' → '/usr/lib/systemd/user/pipewire-pulse.socket'.
Created symlink '/home/mentefria/.config/systemd/user/pipewire-session-manager.service' → '/usr/lib/systemd/user/wireplumber.service'.
Created symlink '/home/mentefria/.config/systemd/user/pipewire.service.wants/wireplumber.service' → '/usr/lib/systemd/user/wireplumber.service'.
Created symlink '/home/mentefria/.config/systemd/user/default.target.wants/pipewire.service' → '/usr/lib/systemd/user/pipewire.service'.

[32m[OK][m Pipewire Installation and services setup complete!
