Sync Explicit (1): lsd-1.2.0-1
resolving dependencies...
looking for conflicting packages...

Package (1)  New Version  Net Change  Download Size

extra/lsd    1.2.0-1        3.51 MiB       1.24 MiB

Total Download Size:   1.24 MiB
Total Installed Size:  3.51 MiB

:: Proceed with installation? [Y/n] 
:: Retrieving packages...
 lsd-1.2.0-1-x86_64 downloading...
checking keyring...
checking package integrity...
loading package files...
checking for file conflicts...
checking available disk space...
:: Processing package changes...
installing lsd...
Optional dependencies for lsd
    nerd-fonts
    awesome-terminal-fonts
:: Running post-transaction hooks...
(1/1) Arming ConditionNeedsUpdate...
Sync Explicit (1): mercurial-7.1.2-1
resolving dependencies...
looking for conflicting packages...

Package (1)      New Version  Net Change  Download Size

extra/mercurial  7.1.2-1       34.07 MiB       6.05 MiB

Total Download Size:    6.05 MiB
Total Installed Size:  34.07 MiB

:: Proceed with installation? [Y/n] 
:: Retrieving packages...
 mercurial-7.1.2-1-x86_64 downloading...
checking keyring...
checking package integrity...
loading package files...
checking for file conflicts...
checking available disk space...
:: Processing package changes...
installing mercurial...
Optional dependencies for mercurial
    tk: for the hgk GUI
:: Running post-transaction hooks...
(1/1) Arming ConditionNeedsUpdate...
Sync Explicit (1): zsh-5.9-5
resolving dependencies...
looking for conflicting packages...

Package (1)  New Version  Net Change  Download Size

extra/zsh    5.9-5          6.56 MiB       2.22 MiB

Total Download Size:   2.22 MiB
Total Installed Size:  6.56 MiB

:: Proceed with installation? [Y/n] 
:: Retrieving packages...
 zsh-5.9-5-x86_64 downloading...
checking keyring...
checking package integrity...
loading package files...
checking for file conflicts...
checking available disk space...
:: Processing package changes...
installing zsh...
:: Running post-transaction hooks...
(1/1) Arming ConditionNeedsUpdate...
Sync Explicit (1): zsh-completions-0.35.0-3
resolving dependencies...
looking for conflicting packages...

Package (1)            New Version  Net Change  Download Size

extra/zsh-completions  0.35.0-3       1.34 MiB       0.25 MiB

Total Download Size:   0.25 MiB
Total Installed Size:  1.34 MiB

:: Proceed with installation? [Y/n] 
:: Retrieving packages...
 zsh-completions-0.35.0-3-any downloading...
checking keyring...
checking package integrity...
loading package files...
checking for file conflicts...
checking available disk space...
:: Processing package changes...
installing zsh-completions...
:: Running post-transaction hooks...
(1/1) Arming ConditionNeedsUpdate...
[34m[INFO][m Shell changed successfully to [35mzsh[mSync Explicit (1): fzf-0.67.0-1
resolving dependencies...
looking for conflicting packages...

Package (1)  New Version  Net Change  Download Size

extra/fzf    0.67.0-1       4.57 MiB       1.56 MiB

Total Download Size:   1.56 MiB
Total Installed Size:  4.57 MiB

:: Proceed with installation? [Y/n] 
:: Retrieving packages...
 fzf-0.67.0-1-x86_64 downloading...
checking keyring...
checking package integrity...
loading package files...
checking for file conflicts...
checking available disk space...
:: Processing package changes...
installing fzf...
Optional dependencies for fzf
    fish: fish keybindings
    tmux: fzf-tmux script for launching fzf in a tmux pane
    vim: plugin [installed]
    zsh: zsh keybindings [installed]
:: Running post-transaction hooks...
(1/2) Arming ConditionNeedsUpdate...
(2/2) Updating Vim help tags...
