Sync Explicit (1): qt6-5compat-6.10.1-1
resolving dependencies...
looking for conflicting packages...

Package (2)            New Version  Net Change  Download Size

extra/qt6-shadertools  6.10.1-1       4.82 MiB       1.58 MiB
extra/qt6-5compat      6.10.1-1       2.12 MiB       0.50 MiB

Total Download Size:   2.07 MiB
Total Installed Size:  6.94 MiB

:: Proceed with installation? [Y/n] 
:: Retrieving packages...
 qt6-shadertools-6.10.1-1-x86_64 downloading...
 qt6-5compat-6.10.1-1-x86_64 downloading...
checking keyring...
checking package integrity...
loading package files...
checking for file conflicts...
checking available disk space...
:: Processing package changes...
installing qt6-shadertools...
installing qt6-5compat...
Optional dependencies for qt6-5compat
    qt6-declarative: for QtGraphicalEffects [installed]
:: Running post-transaction hooks...
(1/1) Arming ConditionNeedsUpdate...
Sync Explicit (1): quickshell-0.2.1-3
resolving dependencies...
looking for conflicting packages...

Package (3)        New Version  Net Change  Download Size

extra/jemalloc     1:5.3.0-5      2.18 MiB       0.40 MiB
extra/qt6-wayland  6.10.1-1       4.74 MiB       0.75 MiB
extra/quickshell   0.2.1-3        4.48 MiB       1.23 MiB

Total Download Size:    2.38 MiB
Total Installed Size:  11.40 MiB

:: Proceed with installation? [Y/n] 
:: Retrieving packages...
 quickshell-0.2.1-3-x86_64 downloading...
 qt6-wayland-6.10.1-1-x86_64 downloading...
 jemalloc-1:5.3.0-5-x86_64 downloading...
checking keyring...
checking package integrity...
loading package files...
checking for file conflicts...
checking available disk space...
:: Processing package changes...
installing jemalloc...
Optional dependencies for jemalloc
    perl: for jeprof [installed]
installing qt6-wayland...
installing quickshell...
:: Running post-transaction hooks...
(1/3) Arming ConditionNeedsUpdate...
(2/3) Updating icon theme caches...
(3/3) Updating the desktop file MIME type cache...
